// Array Creation Ways
undefined
var arr = [10,20,1,2,90,33, 88];
undefined
var arr2= new Array(10);
undefined
arr;
(7) [10, 20, 1, 2, 90, 33, 88]
arr2;
(10) [empty × 10]
arr2.length;
10
var arr3 = new Array(100);
undefined
var g = Array.of(10,20,30,40);
undefined
g;
(4) [10, 20, 30, 40]
arr3;
(100) [empty × 100]
arr3.fill(1,0,arr3.length);
(100) [1, 1, 1, 1, 1, 1, 1, 1, 1, 1, 1, 1, 1, 1, 1, 1, 1, 1, 1, 1, 1, 1, 1, 1, 1, 1, 1, 1, 1, 1, 1, 1, 1, 1, 1, 1, 1, 1, 1, 1, 1, 1, 1, 1, 1, 1, 1, 1, 1, 1, 1, 1, 1, 1, 1, 1, 1, 1, 1, 1, 1, 1, 1, 1, 1, 1, 1, 1, 1, 1, 1, 1, 1, 1, 1, 1, 1, 1, 1, 1, 1, 1, 1, 1, 1, 1, 1, 1, 1, 1, 1, 1, 1, 1, 1, 1, 1, 1, 1, 1]
var arr4 = Array.from(arr);
undefined
arr4;
(7) [10, 20, 1, 2, 90, 33, 88]
arr4 === arr;
false
var g = [...arr];
undefined
g;
(7) [10, 20, 1, 2, 90, 33, 88]
g=== arr;
false
