// array crud methods
undefined
var arr = [10,20,1,2,90,33, 88];
undefined
arr.push(1000);
8
arr;
(8) [10, 20, 1, 2, 90, 33, 88, 1000]
arr.unshift(2000);
9
arr;
(9) [2000, 10, 20, 1, 2, 90, 33, 88, 1000]
arr.pop();
1000
arr;
(8) [2000, 10, 20, 1, 2, 90, 33, 88]
arr.shift();
2000
arr;
(7) [10, 20, 1, 2, 90, 33, 88]
arr.splice(1);
(6) [20, 1, 2, 90, 33, 88]
arr;
[10]
var arr = [10,20,1,2,90,33, 88];
undefined
arr.splice(2,3);
(3) [1, 2, 90]
arr;
(4) [10, 20, 33, 88]
arr.splice(0);
(4) [10, 20, 33, 88]0: 101: 202: 333: 88length: 4[[Prototype]]: Array(0)
arr;
[]
var arr = [10,20,1,2,90,33, 88];
undefined
arr;
(7) [10, 20, 1, 2, 90, 33, 88]
arr.splice(1,0,1000);
[]
arr;
(8) [10, 1000, 20, 1, 2, 90, 33, 88]
arr;
(8) [10, 1000, 20, 1, 2, 90, 33, 88]
arr.splice(1,1,9000);
[1000]
arr;
(8) [10, 9000, 20, 1, 2, 90, 33, 88]
arr.splice(1,0,99,100,200,300);
[]
arr;
(12) [10, 99, 100, 200, 300, 9000, 20, 1, 2, 90, 33, 88]
arr.splice(1,1,4444,5555,6666);
[99]
arr;
(14) [10, 4444, 5555, 6666, 100, 200, 300, 9000, 20, 1, 2, 90, 33, 88]
arr.splice(1,0,8888,7777,6666);
[]
arr.splice(1,0,[29999,4433323,5544]);
[]
arr;
(18) [10, Array(3), 8888, 7777, 6666, 4444, 5555, 6666, 100, 200, 300, 9000, 20, 1, 2, 90, 33, 88]
arr.splice(1,0,...[29999,4433323,5544]);
[]
arr;
(21) [10, 29999, 4433323, 5544, Array(3), 8888, 7777, 6666, 4444, 5555, 6666, 100, 200, 300, 9000, 20, 1, 2, 90, 33, 88]
