var arr = [10,20,30];
undefined
var arr2 = [100,200,300];
undefined
var arr3 = [arr, arr2];
undefined
arr3;
(2) [Array(3), Array(3)]
arr3[0][0];
10
var arr4 = [...arr, ...arr2];
undefined
arr4;
(6) [10, 20, 30, 100, 200, 300]
var emp  = {id:1001, name:'Ram', salary:10000};
undefined
var dept = {id:1, name:'IT'};
undefined
var empdept = {emp, dept};
undefined
empdept;
{emp: {…}, dept: {…}}dept: {id: 1, name: 'IT'}emp: {id: 1001, name: 'Ram', salary: 10000}[[Prototype]]: Object
empdept.emp.id;
1001
empdept.dept.id;
1
var empdeptobj = {...emp, ...dept};
undefined
empdeptobj;
{id: 1, name: 'IT', salary: 10000}
arr;
(3) [10, 20, 30]
arr2;
(3) [100, 200, 300]
arr3;
(2) [Array(3), Array(3)]0: (3) [10, 20, 30]1: (3) [100, 200, 300]length: 2[[Prototype]]: Array(0)
arr3[0][0] ;
10
arr3[0][0]  = 1000;
1000
arr3[0][0] ;
1000
arr;
(3) [1000, 20, 30]
arr4;
(6) [10, 20, 30, 100, 200, 300]
arr4[1]=2000;
2000
arr4;
(6) [10, 2000, 30, 100, 200, 300]
arr;
(3) [1000, 20, 30]
