// ES6 Class Style
undefined
class A{
    
}
undefined
typeof A;
'function'
class Person{
    constructor(id, name, city){
        this.id = id:
}
}
VM177:3 Uncaught SyntaxError: Unexpected token ':'
class Person{
    constructor(id, name, city){
        this.id = id;
        this.name = name;
        this.city = city;
}
    printPersonDetails(){
        console.log(`Id ${this.id} Name ${this.name} City ${this.city}`);
    }
}
class Employee extends Person{
    constructor(id, name , city, salary, bonus, dept){
        super(id, name, city);
        this.salary = salary;
        this.bonus = bonus;
        this.dept = dept;
    }
    printEmployeeDetails(){
        super.printPersonDetails();
        console.log(`Salary ${this.salary} Bonus ${this.bonus}  Dept ${this.dept}`);
    }
}
undefined
typeof Person;
'function'
typeof Employee;
'function'
Person.prototype
{constructor: ƒ, printPersonDetails: ƒ}
Employee.prototype;
Person {constructor: ƒ, printEmployeeDetails: ƒ}
Employee.prototype.__proto__ == Person.prototype;
true
var amit =new Employee(1001, 'amit','delhi',222222,2222,'IT');
undefined
amit;
Employee {id: 1001, name: 'amit', city: 'delhi', salary: 222222, bonus: 2222, …}
amit.printEmployeeDetails();
VM677:8 Id 1001 Name amit City delhi
VM677:20 Salary 222222 Bonus 2222  Dept IT
undefined
class Q{
    static show(){
        console.log("Q Show ");
    }
}
undefined
Q.show();
VM983:3 Q Show 
undefined
typeof Q;
'function'
function T(){
    console.log("T ");
}
undefined
T.show= function(){
    console.log("SHow ");
}
ƒ (){
    console.log("SHow ");
}
T.show();
VM1189:2 SHow 
undefined
var w = new Object();
undefined
w;
{}
var f = new Function();
undefined
f;
ƒ anonymous(
) {

}
typeof f;
'function'
typeof w;
'object'
