var a = 10;
undefined
var arr = [10,20,30];
undefined
typeof arr;
'object'
arr.push(100);
4
arr;
(4) [10, 20, 30, 100]
arr.pop();
100
arr;
(3) [10, 20, 30]
arr.unshift(99);
4
arr;
(4) [99, 10, 20, 30]
arr.shift();
99
arr;
(3) [10, 20, 30]
arr.length;
3
a;
10
typeof a;
'number'
a.toString();
'10'
a;
10
var b = new Number(10);
undefined
a;
10
b;
Number {10}
typeof a;
'number'
typeof b;
'object'
b instanceof Number;
true
typeof Number;
'function'
var name = "Amit";
undefined
typeof name;
'string'
var name2 = new String("Amit");
undefined
name2;
String {'Amit'}
typeof name2;
'object'
name2 instanceof String;
true
name.toUpperCase();
'AMIT'
name;
'Amit'
typeof name.toUpperCase();
'string'
var r = new String("AMIT");
undefined
var g  = "Amit";
undefined
typeof r;
'object'
typeof g;
'string'
g.toLower();
VM1160:1 Uncaught TypeError: g.toLower is not a function
    at <anonymous>:1:3
(anonymous) @ VM1160:1
g.toLowerCase();
'amit'
r;
String {'AMIT'}
var h = new String("Amit");
undefined
var j = h.toUpperCase();
undefined
j;
'AMIT'
typeof j;
'string'
typeof h;
'object'
