// OOJS
undefined
var arr = [10,20,30];
undefined
typeof arr;
'object'
arr instanceof Array;
true
typeof Array;
'function'
var o = {};
undefined
typeof o;
'object'
o instanceof Array;
false
o instanceof Object;
true
var emp = {id:1001, name:'Tim'}
undefined
var emp2 = {id:1002, name:'Vim'};
undefined
function createEmp(id, name){
    var e = {};
    e.id = id;
    e.name = name;
    return e;
}
undefined
createEmp(1001, 'Sohan');
{id: 1001, name: 'Sohan'}
createEmp(1002, 'Mohan');
{id: 1002, name: 'Mohan'}
var mohan = createEmp(1002, 'Mohan');
undefined
mohan instanceof createEmp;
false
mohan instanceof Object;
true
typeof Object;
'function'
// Function Constructor
undefined
function Employee(id, name, salary){
    // this - keyword (Current Calling Object Reference)
    // 99.id
    this.id = id;
    this.name = name;
    this.salary = salary;

    
}
var emp = new Employee(1001, 'Tim',9999);
undefined
mohan;
{id: 1002, name: 'Mohan'}
emp;
Employee {id: 1001, name: 'Tim', salary: 9999}
emp instanceof Employee;
true
mohan instanceof createEmp;
false
emp instanceof Object;
true
mohan instanceof Object;
true
Employee.prototype;
{constructor: ƒ}
Array.prototype;
[constructor: ƒ, at: ƒ, concat: ƒ, copyWithin: ƒ, fill: ƒ, …]
Array.prototype.forEach;
ƒ forEach() { [native code] }
Array.prototype.map
ƒ map() { [native code] }
Array.prototype.find;
ƒ find() { [native code] }
typeof Array;
'function'
typeof Array.prototype;
'object'
arr;
(3) [10, 20, 30]
arr.__proto__;
[constructor: ƒ, at: ƒ, concat: ƒ, copyWithin: ƒ, fill: ƒ, …]
arr.__proto__ === Array.prototype;
true
Array.prototype.__proto__ === Object.prototype;
true
Employee;
ƒ Employee(id, name, salary){
    // this - keyword (Current Calling Object Reference)
    // 99.id
    this.id = id;
    this.name = name;
    this.salary = salary;

    
}
var r = new Employee(1001, "R",9999);
undefined
r;
Employee {id: 1001, name: 'R', salary: 9999}
class Student{}
undefined
var s = new Student();
undefined
typeof s;
'object'
s instanceof Student;
true
