function init(){
var count = 0; // Local Variable
function counter(){
   // var count = 0; // Local Variable
    count++;
    return count;
    
}
    return counter;
}
undefined
var t = init();
undefined
t;
ƒ counter(){
   // var count = 0; // Local Variable
    count++;
    return count;
    
}
t();
1
t();
2
t();
3
t();
4
t();
5
console.dir(t);
VM171:1 ƒ counter()arguments: nullcaller: nulllength: 0name: "counter"prototype: {constructor: ƒ}[[FunctionLocation]]: VM53:3[[Prototype]]: ƒ ()[[Scopes]]: Scopes[2]0: Closure (init) {count: 5}1: Global {window: Window, self: Window, document: document, name: '', location: Location, …}
undefined
function a(x){
    var g = 100;
    return function b(y){
        return function c(z){
            return x + y + z;
        }
    }
}
undefined
a(10)(20)(30);
60
var m = a(10)(20);
undefined
m;
ƒ c(z){
            return x + y + z;
        }
console.dir(m);
VM422:1 ƒ c(z)arguments: nullcaller: nulllength: 1name: "c"prototype: {constructor: ƒ}[[FunctionLocation]]: VM271:4[[Prototype]]: ƒ ()[[Scopes]]: Scopes[3]0: Closure (b) {y: 20}1: Closure (a) {x: 10}2: Global {window: Window, self: Window, document: document, name: '', location: Location, …}
undefined
