// big int
undefined
var views = 1243243535345n;
undefined
typeof views;
'bigint'
views = BigInt("564873564783658743658763485768437");
564873564783658743658763485768437n
typeof BigInt;
'function'
var input = "453534543534532453243245";
undefined
views = BigInt(input);
453534543534532453243245n
views;
453534543534532453243245n
views++;
453534543534532453243245n
views++;
453534543534532453243246n
views++;
453534543534532453243247n
views++;
453534543534532453243248n
views++;
453534543534532453243249n
views++;
453534543534532453243250n
views++;
453534543534532453243251n
views++;
453534543534532453243252n
views + 543546456546n;
453534543535075999699799n
views + 43424;
VM481:1 Uncaught TypeError: Cannot mix BigInt and other types, use explicit conversions
    at <anonymous>:1:7
(anonymous) @ VM481:1
