var a=10;
undefined
typeof a;
'number'
a=1;
1
typeof a;
'number'
a=1.2;
1.2
typeof a;
'number'
a=111111111;
111111111
typeof a;
'number'
a= "Amit" - 100;
NaN
a;
NaN
typeof a;
'number'
10 + undefined;
NaN
typeof NaN;
'number'
a;
NaN
isNaN(a);
true
isNaN(a)?0:a;
0
a;
NaN
a=100;
100
isNaN(a)?0:a;
100
a = 10/0;
Infinity
a;
Infinity
typeof a;
'number'
isFinite(a);
false
a = 100;
100
isFinite(a);
true
a = 10/0;
Infinity
isFinite(a)?a:0;
0
10 + "20"
'1020'
10 + parseInt("20");
30
10 + parseFloat("20.99");
30.99
