// String Interpolation
undefined
var a = "Amit";
undefined
typeof a;
'string'
a = 'Amit';
'Amit'
typeof a;
'string'
a = 'A';
'A'
typeof a;
'string'
a = "Let's Do It ";
"Let's Do It "
typeof a;
'string'
a = `gjdfkghkdjfgjkdf
fjhdsjkgdf
gjhdfkj
ghsdkj`;
'gjdfkghkdjfgjkdf\nfjhdsjkgdf\ngjhdfkj\nghsdkj'
console.log(a);
VM338:1 gjdfkghkdjfgjkdf
fjhdsjkgdf
gjhdfkj
ghsdkj
undefined
var x = 10;
undefined
var y = 20;
undefined
"X is "+x+" and Y is "+y;
'X is 10 and Y is 20'
`X is ${x} and Y is ${y}`;
'X is 10 and Y is 20'
var t = true;
undefined
true + true;
2
true  + false;
1
100 + true;
101
