// sort 
undefined
var arr = [10,20,1,2,90,33, 88];
undefined
arr.sort();
(7) [1, 10, 2, 20, 33, 88, 90]
arr.sort((a,b)=>a-b);
(7) [1, 2, 10, 20, 33, 88, 90]
arr;
(7) [1, 2, 10, 20, 33, 88, 90]
arr.sort((a,b)=>b-a);
(7) [90, 88, 33, 20, 10, 2, 1]
var names = ["ram", "amit", "tim", "shyam"];
undefined
"ram".localeCompare("amit");
1
"amit".localeCompare("ram");
-1
"amit".localeCompare("amit");
0
names.sort((a,b)=>a.localeCompare(b));
(4) ['amit', 'ram', 'shyam', 'tim']
names.sort((a,b)=>b.localeCompare(a));
(4) ['tim', 'shyam', 'ram', 'amit']
var products = [{id:1001, name:'Adidas', price:2000}, {id:1000, name:'Puma', price:1100}, {id:1003,name:'Bata', price:2999}];
undefined
product.sort((a,b)=>a.name.localeCompare(b.name));
VM1009:1 Uncaught ReferenceError: product is not defined
    at <anonymous>:1:1
(anonymous) @ VM1009:1
products.sort((a,b)=>a.name.localeCompare(b.name));
(3) [{…}, {…}, {…}]0: {id: 1001, name: 'Adidas', price: 2000}1: {id: 1003, name: 'Bata', price: 2999}2: {id: 1000, name: 'Puma', price: 1100}length: 3[[Prototype]]: Array(0)
products.sort((a,b)=>a.price(b.price));
VM1037:1 Uncaught TypeError: a.price is not a function
    at <anonymous>:1:24
    at Array.sort (<anonymous>)
    at <anonymous>:1:10
(anonymous) @ VM1037:1
(anonymous) @ VM1037:1
products.sort((a,b)=>a.price - b.price);
(3) [{…}, {…}, {…}]0: {id: 1000, name: 'Puma', price: 1100}1: {id: 1001, name: 'Adidas', price: 2000}2: {id: 1003, name: 'Bata', price: 2999}length: 3[[Prototype]]: Array(0)
