function show(){
    console.log('this is ', this);
}
undefined
show();
VM124:2 this is  Window {window: Window, self: Window, document: document, name: '', location: Location, …}
undefined
new show();
VM124:2 this is  show {}
show {}
show.prototype;
{constructor: ƒ}
show.prototype.constructor;
ƒ show(){
    console.log('this is ', this);
}
show.prototype.constructor === show;
true
show.prototype.__proto__ === Object.prototype;
true
show.prototype.__proto__.constructor
ƒ Object() { [native code] }
show.prototype.__proto__.constructor === Object;
true
show.__proto__;
ƒ () { [native code] }
show.__proto__();
undefined
console.dir(show.__proto__);
VM571:1 ƒ anonymous()apply: ƒ apply()arguments: (...)bind: ƒ bind()call: ƒ call()caller: (...)constructor: ƒ Function()length: 0name: ""toString: ƒ toString()Symbol(Symbol.hasInstance): ƒ [Symbol.hasInstance]()get arguments: ƒ ()set arguments: ƒ ()get caller: ƒ ()set caller: ƒ ()[[FunctionLocation]]: [[Prototype]]: Object[[Scopes]]: Scopes[0]
undefined
show.__proto__;
ƒ () { [native code] }
show.prototype.__proto__;
{constructor: ƒ, __defineGetter__: ƒ, __defineSetter__: ƒ, hasOwnProperty: ƒ, __lookupGetter__: ƒ, …}
show.prototype.__proto__.__proto__;
null
show.__proto__;
ƒ () { [native code] }
console.dir(show.__proto__);
VM678:1 ƒ anonymous()apply: ƒ apply()arguments: (...)bind: ƒ bind()call: ƒ call()caller: (...)constructor: ƒ Function()length: 0name: ""toString: ƒ toString()Symbol(Symbol.hasInstance): ƒ [Symbol.hasInstance]()get arguments: ƒ ()set arguments: ƒ ()get caller: ƒ ()set caller: ƒ ()[[FunctionLocation]]: [[Prototype]]: Objectconstructor: ƒ Object()hasOwnProperty: ƒ hasOwnProperty()isPrototypeOf: ƒ isPrototypeOf()propertyIsEnumerable: ƒ propertyIsEnumerable()toLocaleString: ƒ toLocaleString()toString: ƒ toString()valueOf: ƒ valueOf()__defineGetter__: ƒ __defineGetter__()__defineSetter__: ƒ __defineSetter__()__lookupGetter__: ƒ __lookupGetter__()__lookupSetter__: ƒ __lookupSetter__()__proto__: (...)get __proto__: ƒ __proto__()set __proto__: ƒ __proto__()[[Scopes]]: Scopes[0]
undefined
Object;
ƒ Object() { [native code] }
Object.__proto__;
ƒ () { [native code] }
Object.prototype.__proto__;
null
